<?xml version="1.0" encoding="UTF-8"?>
<!-- Generated by org.testng.reporters.JUnitXMLReporter -->
<testsuite hostname="Admin-PC" name="Default test" tests="16" failures="0" timestamp="30 Apr 2022 07:15:25 GMT" time="47.865" errors="0">
  <testcase name="runScenario" time="0.689" classname="Runner.testRunner"/>
  <testcase name="runScenario" time="4.352" classname="Runner.testRunner"/>
  <testcase name="runScenario" time="5.724" classname="Runner.testRunner"/>
  <testcase name="runScenario" time="2.113" classname="Runner.testRunner"/>
  <testcase name="runScenario" time="2.677" classname="Runner.testRunner"/>
  <testcase name="runScenario" time="2.257" classname="Runner.testRunner"/>
  <testcase name="runScenario" time="2.218" classname="Runner.testRunner"/>
  <testcase name="runScenario" time="2.112" classname="Runner.testRunner"/>
  <testcase name="runScenario" time="2.973" classname="Runner.testRunner"/>
  <testcase name="runScenario" time="1.842" classname="Runner.testRunner"/>
  <testcase name="runScenario" time="2.407" classname="Runner.testRunner"/>
  <testcase name="runScenario" time="3.125" classname="Runner.testRunner"/>
  <testcase name="runScenario" time="2.284" classname="Runner.testRunner"/>
  <testcase name="runScenario" time="1.869" classname="Runner.testRunner"/>
  <testcase name="runScenario" time="2.278" classname="Runner.testRunner"/>
  <testcase name="runScenario" time="1.954" classname="Runner.testRunner"/>
</testsuite> <!-- Default test -->
